{
  "RSpec": {
    "coverage": {
      "/Users/Edward/development/instagram_clone/instagram/app/models/user.rb": [
        1,
        null,
        null,
        1,
        null,
        null
      ],
      "/Users/Edward/development/instagram_clone/instagram/app/helpers/application_helper.rb": [
        1,
        null
      ],
      "/Users/Edward/development/instagram_clone/instagram/app/helpers/posts_helper.rb": [
        1,
        null
      ],
      "/Users/Edward/development/instagram_clone/instagram/app/helpers/tags_helper.rb": [
        1,
        null
      ],
      "/Users/Edward/development/instagram_clone/instagram/app/controllers/posts_controller.rb": [
        1,
        1,
        null,
        1,
        23,
        null,
        null,
        1,
        10,
        null,
        null,
        1,
        10,
        10,
        10,
        null,
        null,
        null
      ],
      "/Users/Edward/development/instagram_clone/instagram/app/controllers/application_controller.rb": [
        1,
        null,
        null,
        1,
        null
      ],
      "/Users/Edward/development/instagram_clone/instagram/app/controllers/tags_controller.rb": [
        1,
        null,
        1,
        2,
        null,
        null,
        null
      ],
      "/Users/Edward/development/instagram_clone/instagram/app/models/post.rb": [
        1,
        null,
        1,
        null,
        1,
        null,
        null,
        null,
        null,
        null,
        null,
        null,
        1,
        null,
        null,
        null,
        1,
        null,
        null,
        1,
        14,
        null,
        11,
        15,
        null,
        null,
        null,
        null
      ],
      "/Users/Edward/development/instagram_clone/instagram/app/models/tag.rb": [
        1,
        null,
        1,
        null,
        null,
        null,
        1,
        0,
        null,
        null,
        null
      ]
    },
    "timestamp": 1409153990
  }
}
